#

# There is insufficient memory for the Java Runtime Environment to continue.
# Native memory allocation (mmap) failed to map 335544320 bytes for G1 virtual space
# Possible reasons:
#   The system is out of physical RAM or swap space
#   The process is running with CompressedOops enabled, and the Java Heap may be blocking the growth of the native heap
# Possible solutions:
#   Reduce memory load on the system
#   Increase physical memory or swap space
#   Check if swap backing store is full
#   Decrease Java heap size (-Xmx/-Xms)
#   Decrease number of Java threads
#   Decrease Java thread stack sizes (-Xss)
#   Set larger code cache with -XX:ReservedCodeCacheSize=
#   JVM is running with Zero Based Compressed Oops mode in which the Java heap is
#     placed in the first 32GB address space. The Java Heap base address is the
#     maximum limit for the native heap growth. Please use -XX:HeapBaseMinAddress
#     to set the Java Heap base and to place the Java Heap above 32GB virtual address.
# This output file may be truncated or incomplete.
#

#  Out of Memory Error (os_windows.cpp:3769), pid=7680, tid=14128
#

# JRE version:  (17.0.6) (build )
# Java VM: OpenJDK 64-Bit Server VM (17.0.6+0-b2043.56-10027231, mixed mode, sharing, tiered, compressed oops, compressed class ptrs, g1 gc, windows-amd64)
# No core dump will be written. Minidumps are not enabled by default on client versions of Windows
#

---------------
S U
M M
A R
Y ------------

Command Line
: git4idea.http.
GitAskPassApp Username
for 'https://github.com':

Host:
Intel(R)
Core(TM)
i5-1035G1 CPU @ 1.00GHz, 8 cores, 19G,  Windows 11 , 64
bit Build
22621 (10.0.22621.2506)
Time:
Mon Nov
27 19:00:36 2023
SE Asia
Standard Time
elapsed time
: 0.031444 seconds (0d 0h 0m 0s)

---------------
T H
R E
A D
---------------

Current thread(0x000001da8ef2a110)
:  JavaThread "Unknown thread" [_thread_in_vm,
id = 14128, stack(0x0000002a79b00000, 0x0000002a79c00000)
]

Stack: [0x0000002a79b00000,0x0000002a79c00000]
Native frames
: (
J = compiled
Java code, j = interpreted, Vv = VM
code,
C = native
code)
V  [jvm.dll+0x683c9a]
V  [jvm.dll+0x8427a4]
V  [jvm.dll+0x843f9e]
V  [jvm.dll+0x844603]
V  [jvm.dll+0x249b75]
V  [jvm.dll+0x680b69]
V  [jvm.dll+0x67505a]
V  [jvm.dll+0x309acb]
V  [jvm.dll+0x310f86]
V  [jvm.dll+0x3608ee]
V  [jvm.dll+0x360b1f]
V  [jvm.dll+0x2dfbf8]
V  [jvm.dll+0x2e0b64]
V  [jvm.dll+0x814091]
V  [jvm.dll+0x36e6a1]
V  [jvm.dll+0x7f35cc]
V  [jvm.dll+0x3f0e8f]
V  [jvm.dll+0x3f29d1]
C  [jli.dll+0x526b]
C  [ucrtbase.dll+0x29363]
C  [KERNEL32.DLL+0x1257d]
C  [ntdll.dll+0x5aa58]


---------------
P R
O C
E S
S  ---------------

Threads class SMR info
:
_java_thread_list = 0x00007ffb84c1c058, length = 0, elements = {
}

Java Threads
: ( =>
current thread
)

Other Threads
:
0x000001da8efa1090 GCTaskThread "GC Thread#0" [stack: 0x0000002a79c00000,0x0000002a79d00000] [
id = 15016
]
0x000001da8efacc00 ConcurrentGCThread "G1 Main Marker" [stack: 0x0000002a79d00000,0x0000002a79e00000] [
id = 2132
]
0x000001da8efad610 ConcurrentGCThread "G1 Conc#0" [stack: 0x0000002a79e00000,0x0000002a79f00000] [
id = 13192
]

[
error occurred
during error
reporting (printing
all threads
), id 0xc0000005, EXCEPTION_ACCESS_VIOLATION (0xc0000005)
at pc = 0x00007ffb843d0797
]

VM state
: not
at safepoint(not fully
initialized)

VM Mutex
/
Monitor currently
owned by
a thread
:  ([mutex/lock_event])
[0x000001da8ef25340] Heap_lock -
owner thread
: 0x000001da8ef2a110

Heap address
: 0x00000006c3000000, size: 5072 MB,
Compressed Oops
mode:
Zero based, Oop
shift amount
: 3

CDS archive(s)

mapped at
: [0x0000000000000000-0x0000000000000000-0x0000000000000000), size 0, SharedBaseAddress: 0x0000000800000000, ArchiveRelocationMode: 0.
Narrow klass
base: 0x0000000000000000,
Narrow klass
shift: 0,
Narrow klass
range: 0x0

GC Precious
Log:
<Empty>

        Heap
:
garbage-
first heap
total 0K, used 0K [0x00000006c3000000, 0x0000000800000000)
region size
4096K, 0 young (0K), 0 survivors (0K)

[
error occurred
during error
reporting (printing
heap information
), id 0xc0000005, EXCEPTION_ACCESS_VIOLATION (0xc0000005)
at pc = 0x00007ffb847bda89
]

GC Heap
History (0 events):
No events

Dll operation
events (1 events):
Event: 0.018
Loaded shared
library C
:\
Program Files
\Android\
Android Studio
\jbr\bin\java.
dll

        Deoptimization
events (0 events):
No events

Classes unloaded(0
events):
No events

Classes redefined(0
events):
No events

Internal exceptions(0
events):
No events

VM Operations(0
events):
No events

Events (0 events):
No events


Dynamic libraries
:
0x00007ff688ed0000 - 0x00007ff688eda000    C:\
Program Files
\Android\
Android Studio
\jbr\bin\java.exe
0x00007ffbe6390000 - 0x00007ffbe65a7000    C:\Windows\SYSTEM32\ntdll.dll
0x00007ffbe44d0000 - 0x00007ffbe4594000    C:\Windows\System32\KERNEL32.DLL
0x00007ffbe3a00000 - 0x00007ffbe3da5000    C:\Windows\System32\KERNELBASE.dll
0x00007ffbe3fc0000 - 0x00007ffbe40d1000    C:\Windows\System32\ucrtbase.dll
0x00007ffbcf7a0000 - 0x00007ffbcf7b7000    C:\
Program Files
\Android\
Android Studio
\jbr\bin\jli.dll
0x00007ffbdbfe0000 - 0x00007ffbdbffb000    C:\
Program Files
\Android\
Android Studio
\jbr\bin\VCRUNTIME140.dll
0x00007ffbe55f0000 - 0x00007ffbe579e000    C:\Windows\System32\USER32.dll
0x00007ffbe3f90000 - 0x00007ffbe3fb6000    C:\Windows\System32\win32u.dll
0x00007ffbe4680000 - 0x00007ffbe46a9000    C:\Windows\System32\GDI32.dll
0x00007ffbce1b0000 - 0x00007ffbce443000    C:\Windows\WinSxS\amd64_microsoft.windows.common-controls_6595b64144ccf1df_6.0.22621.2506_none_270c5ae97388e100\COMCTL32.dll
0x00007ffbe38e0000 - 0x00007ffbe39f9000    C:\Windows\System32\gdi32full.dll
0x00007ffbe5bf0000 - 0x00007ffbe5c97000    C:\Windows\System32\msvcrt.dll
0x00007ffbe3db0000 - 0x00007ffbe3e4a000    C:\Windows\System32\msvcp_win.dll
0x00007ffbe58f0000 - 0x00007ffbe5921000    C:\Windows\System32\IMM32.DLL
0x00007ffbe1340000 - 0x00007ffbe134c000    C:\
Program Files
\Android\
Android Studio
\jbr\bin\vcruntime140_1.dll
0x00007ffbbe6f0000 - 0x00007ffbbe77d000    C:\
Program Files
\Android\
Android Studio
\jbr\bin\msvcp140.dll
0x00007ffb840e0000 - 0x00007ffb84d4e000    C:\
Program Files
\Android\
Android Studio
\jbr\bin\server\jvm.dll
0x00007ffbe4410000 - 0x00007ffbe44c1000    C:\Windows\System32\ADVAPI32.dll
0x00007ffbe4200000 - 0x00007ffbe42a6000    C:\Windows\System32\sechost.dll
0x00007ffbe5ad0000 - 0x00007ffbe5be7000    C:\Windows\System32\RPCRT4.dll
0x00007ffbe1270000 - 0x00007ffbe127a000    C:\Windows\SYSTEM32\VERSION.dll
0x00007ffbdada0000 - 0x00007ffbdadd4000    C:\Windows\SYSTEM32\WINMM.dll
0x00007ffbd4110000 - 0x00007ffbd4119000    C:\Windows\SYSTEM32\WSOCK32.dll
0x00007ffbe46b0000 - 0x00007ffbe4721000    C:\Windows\System32\ws2_32.DLL
0x00007ffbe2700000 - 0x00007ffbe2718000    C:\Windows\SYSTEM32\kernel.appcore.dll
0x00007ffbd3260000 - 0x00007ffbd326a000    C:\
Program Files
\Android\
Android Studio
\jbr\bin\jimage.dll
0x00007ffbe03d0000 - 0x00007ffbe0603000    C:\Windows\SYSTEM32\DBGHELP.DLL
0x00007ffbe5260000 - 0x00007ffbe55e9000    C:\Windows\System32\combase.dll
0x00007ffbe45a0000 - 0x00007ffbe4677000    C:\Windows\System32\OLEAUT32.dll
0x00007ffbca4b0000 - 0x00007ffbca4e2000    C:\Windows\SYSTEM32\dbgcore.DLL
0x00007ffbe3f10000 - 0x00007ffbe3f8a000    C:\Windows\System32\bcryptPrimitives.dll
0x00007ffbd1e10000 - 0x00007ffbd1e35000    C:\
Program Files
\Android\
Android Studio
\jbr\bin\java.
dll

        dbghelp
:
loaded successfully
- version: 4.0.5 -
missing functions
:
none
        symbol
engine:
initialized successfully
-
sym options
: 0x614 -
pdb path
: .;C:\
Program Files
\Android\
Android Studio
\jbr\
bin;
C:\Windows\
SYSTEM32;
C:\Windows\WinSxS\amd64_microsoft.windows.common-controls_6595b64144ccf1df_6.0.22621.2506_none_270c5ae97388e100;C:\
Program Files
\Android\
Android Studio
\jbr\bin\
server

        VM
Arguments:
java_command: git4idea.http.
GitAskPassApp Username
for 'https://github.com':
java_class_path (initial)
: C:/
Program Files
/Android/
Android Studio
/plugins/vcs-git/lib/git4idea-rt.
jar;
C:/
Program Files
/Android/
Android Studio
/lib/externalProcess-rt.
jar;
C:/
Program Files
/Android/
Android Studio
/lib/app.
jar;
C:/
Program Files
/Android/
Android Studio
/lib/3rd-party-rt.
jar
        Launcher
Type: SUN_STANDARD

[
Global flags
]

intx CICompilerCount                          = 4 { product }

{
ergonomic}

uint ConcGCThreads                            = 2 { product }

{
ergonomic}

uint G1ConcRefinementThreads                  = 8 { product }

{
ergonomic}

size_t G1HeapRegionSize                         = 4194304 { product }

{
ergonomic}

uintx GCDrainStackTargetSize                   = 64 { product }

{
ergonomic}

size_t InitialHeapSize                          = 335544320 { product }

{
ergonomic}

size_t MarkStackSize                            = 4194304 { product }

{
ergonomic}

size_t MaxHeapSize                              = 5318377472 { product }

{
ergonomic}

size_t MinHeapDeltaBytes                        = 4194304 { product }

{
ergonomic}

size_t MinHeapSize                              = 8388608 { product }

{
ergonomic}

uintx NonNMethodCodeHeapSize                   = 5839372 {
    pd
    product
}

{
ergonomic}

uintx NonProfiledCodeHeapSize                  = 122909434 {
    pd
    product
}

{
ergonomic}

uintx ProfiledCodeHeapSize                     = 122909434 {
    pd
    product
}

{
ergonomic}

uintx ReservedCodeCacheSize                    = 251658240 {
    pd
    product
}

{
ergonomic}

bool SegmentedCodeCache                       = true { product }

{
ergonomic}

size_t SoftMaxHeapSize                          = 5318377472 { manageable }

{
ergonomic}

bool UseCompressedClassPointers               = true {
    product
    lp64_product
}

{
ergonomic}

bool UseCompressedOops                        = true {
    product
    lp64_product
}

{
ergonomic}

bool UseG1GC                                  = true { product }

{
ergonomic}

bool UseLargePagesIndividualAllocation        = false {
    pd
    product
}

{
ergonomic}

Logging:
Log output
configuration:
#0:
stdout all = warning
uptime,level,tags
#1:
stderr all = off
uptime,level,
tags

        Environment
Variables:
JAVA_HOME = O
:\Compiler\Java\jdk-17
PATH = C
:\
Program Files
\Git\mingw64\libexec\git-
core;
C:\
Program Files
\Git\mingw64\libexec\git-
core;
C:\
Program Files
\Git\mingw64\
bin;
C:\
Program Files
\Git\usr\
bin;
C:\Users\dongb\
bin;
C:\

Program Files(x86)

\VMware\
VMware Workstation
\
bin;
C:\Windows\
system32;
C:\
Windows;
C:\Windows\System32\
Wbem;
C:\Windows\System32\WindowsPowerShell\v1.0;C:\Windows\System32\
OpenSSH;
%\JAVA_HOME%\
bin;
O:\Compiler\Java\jdk-8\
bin;
O:\Compiler\Java\jdk-11\
bin;
O:\Compiler\kotlinc\
bin;
O:\Compiler\mingw\
bin;
O:\Compiler\flutter\
bin;
C:\
Program Files
\
Microsoft SQL
Server\150\Tools\
Binn;
C:\
Program Files
\
dotnet;
C:\

Program Files(x86)

\
Microsoft SQL
Server\160\DTS\
Binn;
C:\
Program Files
\
Azure Data
Studio\
bin;
C:\
Program Files
\Git\
cmd;
C:\
Program Files
\
Microsoft SQL
Server\130\Tools\
Binn;
C:\
Program Files
\
nodejs;
C:\Users\dongb\AppData\Local\Programs\Python\Python311\
Scripts;
C:\Users\dongb\AppData\Local\Programs\Python\
Python311;
C:\
Program Files
\MySQL\
MySQL Shell
8.0\
bin;
C:\Users\dongb\AppData\Local\Microsoft\
WindowsApps;
C:\Users\dongb\AppData\Local\Programs\
Microsoft VS
Code\
bin;
C:\Users\dongb\.dotnet\
tools;
C:\
Program Files
\
Azure Data
Studio\
bin;
C:\Users\dongb\AppData\Roaming\
npm
        USERNAME = dongb
DISPLAY =
:0.0
LC_ALL = en_US.UTF - 8
TERM = xterm - 256color
TMPDIR = C
:\Users\dongb\AppData\Local\
Temp
        OS = Windows_NT
PROCESSOR_IDENTIFIER = Intel64
Family 6 Model 126 Stepping 5,
GenuineIntel
        TMP = C
:\Users\dongb\AppData\Local\
Temp
        TEMP = C
:\Users\dongb\AppData\Local\
Temp


        JNI
global refs
:

[
error occurred
during error
reporting (JNI
global references
), id 0xc0000005, EXCEPTION_ACCESS_VIOLATION (0xc0000005)
at pc = 0x00007ffb84197a10
]


---------------
S Y
S T
E M
---------------

OS:
Windows 11 , 64
bit Build
22621 (10.0.22621.2506)
OS uptime
: 0 days 23:09
hours

        CPU
: total 8 (
initial active
8) (4
cores per
cpu, 2
threads per
core) family 6 model 126 stepping 5 microcode 0xa6, cx8, cmov, fxsr, ht, mmx, 3dnowpref, sse, sse2, sse3, ssse3, sse4.1, sse4.2, popcnt, lzcnt, tsc, tscinvbit, avx, avx2, aes, erms, clmul, bmi1, bmi2, adx, avx512f, avx512dq, avx512cd, avx512bw, avx512vl, sha, fma, vzeroupper, avx512_vpopcntdq, avx512_vpclmulqdq, avx512_vaes, avx512_vnni, clflush, clflushopt, avx512_vbmi2,
avx512_vbmi

        Memory
: 4k page, system-
wide physical
20285M (6731M free)
TotalPageFile size
69020M (
AvailPageFile size
119M)
current process
WorkingSet (physical
memory assigned
to process
): 11M, peak: 11M
current process
commit charge("private bytes")
: 60M, peak: 380M

vm_info: OpenJDK 64-
Bit Server
VM (17.0.6+0-b2043.56-10027231) for windows-
amd64 JRE(17.0.6 + 0 - b2043
.56-10027231),
built on
Apr 28 2023 00:43:19 by "androidbuild"
with MS
VC++ 16.10 / 16.11 (VS2019)

END.
